<?xml version="1.0" encoding="UTF-8"?>
<!-- Generated by org.testng.reporters.JUnitReportReporter -->
<testsuite skipped="0" hostname="ML-J5P86S2" name="Practise.AppiumFramework.ApiDemoTest" tests="1" failures="0" timestamp="06 Nov 2020 06:08:18 GMT" time="52.433" errors="0">
  <testcase name="test" time="52.433" classname="Practise.AppiumFramework.ApiDemoTest"/>
</testsuite> <!-- Practise.AppiumFramework.ApiDemoTest -->
