<?xml version="1.0" encoding="UTF-8"?>
<!-- Generated by org.testng.reporters.JUnitReportReporter -->
<testsuite skipped="0" hostname="ML-J5P86S2" name="Practise.AppiumFramework.Ecommerce_Test" tests="1" failures="0" timestamp="10 Nov 2020 03:26:28 GMT" time="36.563" errors="0">
  <testcase name="testCase" time="36.563" classname="Practise.AppiumFramework.Ecommerce_Test"/>
</testsuite> <!-- Practise.AppiumFramework.Ecommerce_Test -->
