<?xml version="1.0" encoding="UTF-8"?>
<!-- Generated by org.testng.reporters.JUnitReportReporter -->
<testsuite skipped="0" hostname="ML-J5P86S2" name="Practise.AppiumFramework.Ecommerce_TC01" tests="1" failures="0" timestamp="31 Oct 2020 11:43:13 GMT" time="8.743" errors="0">
  <testcase name="testCase" time="8.743" classname="Practise.AppiumFramework.Ecommerce_TC01"/>
</testsuite> <!-- Practise.AppiumFramework.Ecommerce_TC01 -->
