<?xml version="1.0" encoding="UTF-8"?>
<!-- Generated by org.testng.reporters.JUnitReportReporter -->
<testsuite skipped="0" hostname="ML-J5P86S2" name="Practise.AppiumFramework.DataProviderTest" tests="2" failures="0" timestamp="06 Nov 2020 06:08:18 GMT" time="0.002" errors="0">
  <testcase name="datatest" time="0.001" classname="Practise.AppiumFramework.DataProviderTest"/>
  <testcase name="datatest" time="0.001" classname="Practise.AppiumFramework.DataProviderTest"/>
</testsuite> <!-- Practise.AppiumFramework.DataProviderTest -->
