<?xml version="1.0" encoding="UTF-8"?>
<!-- Generated by org.testng.reporters.JUnitReportReporter -->
<testsuite skipped="0" hostname="ML-J5P86S2" name="Practise.AppiumFramework.Ecommerce_Cart_Test" tests="1" failures="0" timestamp="10 Nov 2020 05:58:42 GMT" time="27.290" errors="0">
  <testcase name="CartFunctionality" time="27.290" classname="Practise.AppiumFramework.Ecommerce_Cart_Test"/>
</testsuite> <!-- Practise.AppiumFramework.Ecommerce_Cart_Test -->
