<?xml version="1.0" encoding="UTF-8"?>
<!-- Generated by org.testng.reporters.JUnitReportReporter -->
<testsuite skipped="0" hostname="ML-J5P86S2" name="Practise.AppiumFramework.ApiDemoTest" tests="1" failures="0" timestamp="06 Nov 2020 07:03:40 GMT" time="47.594" errors="0">
  <testcase name="test" time="47.594" classname="Practise.AppiumFramework.ApiDemoTest"/>
</testsuite> <!-- Practise.AppiumFramework.ApiDemoTest -->
